Arguments: 
  C:\Program Files\nodejs\node.exe C:\Users\user\AppData\Roaming\npm\node_modules\yarn\bin\yarn.js add --dev babel-loader babel-core babel-preset-env

PATH: 
  C:\Program Files (x86)\Common Files\Oracle\Java\javapath;C:\WINDOWS\system32;C:\WINDOWS;C:\WINDOWS\System32\Wbem;C:\WINDOWS\System32\WindowsPowerShell\v1.0\;C:\WINDOWS\System32\OpenSSH\;C:\Program Files\Git\cmd;C:\Program Files (x86)\QuickTime\QTSystem\;C:\Program Files\Java\jdk1.8.0_231\bin;C:\Program Files\nodejs\;C:\Program Files\PuTTY\;C:\Users\user\AppData\Local\Microsoft\WindowsApps;C:\Users\user\AppData\Local\Programs\Microsoft VS Code\bin;C:\Users\user\AppData\Local\GitHubDesktop\bin;C:\Users\user\AppData\Roaming\npm

Yarn version: 
  1.22.4

Node version: 
  12.16.2

Platform: 
  win32 x64

Trace: 
  SyntaxError: C:\Users\user\AppData\Local\Yarn\Cache\v6\npm-abel-0.0.1-7dd676336ce7bdbbc59c13835dce4b0cc941f0d6-integrity\node_modules\Babel\package.json: Unexpected token } in JSON at position 450
      at JSON.parse (<anonymous>)
      at C:\Users\user\AppData\Roaming\npm\node_modules\yarn\lib\cli.js:1625:59
      at Generator.next (<anonymous>)
      at step (C:\Users\user\AppData\Roaming\npm\node_modules\yarn\lib\cli.js:310:30)
      at C:\Users\user\AppData\Roaming\npm\node_modules\yarn\lib\cli.js:321:13

npm manifest: 
  {
    "name": "es6",
    "version": "1.0.0",
    "description": "",
    "main": "index.js",
    "dependencies": {
      "Babel": "0.0.1",
      "extract-text-webpack-plugin": "^3.0.2",
      "node-sass": "^4.14.1",
      "sass-loader": "^8.0.2"
    },
    "devDependencies": {
      "@babel/cli": "^7.8.4",
      "@babel/core": "^7.8.4",
      "@babel/preset-env": "^7.8.4",
      "babel-loader": "^8.0.6",
      "css-loader": "^3.5.3",
      "style-loader": "^1.1.3",
      "webpack": "^4.41.5",
      "webpack-cli": "^3.3.10",
      "webpack-dev-server": "^3.11.0"
    },
    "scripts": {
      "build": "./node_modules/.bin/webpack --mode production",
      "start": "webpack-dev-server --mode development"
    },
    "author": "",
    "license": "ISC"
  }

yarn manifest: 
  No manifest

Lockfile: 
  No lockfile
